<?xml version="1.0" encoding="UTF-8"?>
<!-- Generated by org.testng.reporters.JUnitXMLReporter -->
<testsuite ignored="0" hostname="santosh" failures="0" tests="2" name="Test-1" time="35.082" errors="0" timestamp="2021-03-24T14:03:43 EDT">
  <testcase classname="academy.HomePage" name="basePageNavigation" time="18.536"/>
  <testcase classname="academy.HomePage" name="basePageNavigation" time="16.511"/>
</testsuite> <!-- Test-1 -->
