<?xml version="1.0" encoding="UTF-8"?>
<!-- Generated by org.testng.reporters.JUnitXMLReporter -->
<testsuite ignored="0" hostname="santosh" failures="0" tests="1" name="Test-2" time="15.258" errors="0" timestamp="2021-03-24T14:03:23 EDT">
  <testcase classname="academy.ValidateNavBar" name="navBarTest" time="0.07"/>
</testsuite> <!-- Test-2 -->
