<?xml version="1.0" encoding="UTF-8"?>
<!-- Generated by org.testng.reporters.JUnitReportReporter -->
<testsuite hostname="santosh" failures="0" tests="1" name="academy.ValidateNavBar" time="0.070" errors="0" timestamp="2021-03-24T14:03:43 EDT" skipped="0">
  <testcase classname="academy.ValidateNavBar" name="navBarTest" time="0.070"/>
  <system-out/>
</testsuite> <!-- academy.ValidateNavBar -->
