<?xml version="1.0" encoding="UTF-8"?>
<!-- Generated by org.testng.reporters.JUnitReportReporter -->
<testsuite hostname="santosh" failures="0" tests="2" name="academy.HomePage" time="35.047" errors="0" timestamp="2021-03-24T14:03:43 EDT" skipped="0">
  <testcase classname="academy.HomePage" name="basePageNavigation" time="18.536"/>
  <system-out/>
  <testcase classname="academy.HomePage" name="basePageNavigation" time="16.511"/>
  <system-out/>
</testsuite> <!-- academy.HomePage -->
